<?xml version="1.0" encoding="utf-8"?><testsuites name="pytest tests"><testsuite name="pytest" errors="0" failures="1" skipped="0" tests="23" time="15.200" timestamp="2026-07-20T12:11:49.888598+00:00" hostname="agent-env-7977fe37-92fd-4cca-b523-937aad1a7674"><testcase classname="tests.backend_test.TestAuth" name="test_login_all_roles" time="1.700" /><testcase classname="tests.backend_test.TestAuth" name="test_login_wrong_password" time="0.287" /><testcase classname="tests.backend_test.TestAuth" name="test_register_and_me" time="0.376"><failure message="AssertionError: assert 'test_reg_178...1@example.com' == 'TEST_reg_178...1@example.com'&#10;  &#10;  - TEST_reg_1784549511@example.com&#10;  ? ^^^^&#10;  + test_reg_1784549511@example.com&#10;  ? ^^^^">tests/backend_test.py:81: in test_register_and_me
    assert me.json()["user"]["email"] == email
E   AssertionError: assert 'test_reg_178...1@example.com' == 'TEST_reg_178...1@example.com'
E     
E     - TEST_reg_1784549511@example.com
E     ? ^^^^
E     + test_reg_1784549511@example.com
E     ? ^^^^</failure></testcase><testcase classname="tests.backend_test.TestAuth" name="test_me_requires_token" time="0.034" /><testcase classname="tests.backend_test.TestShops" name="test_list_shops_haversine_sort" time="0.033" /><testcase classname="tests.backend_test.TestShops" name="test_shop_detail_includes_relations" time="0.071" /><testcase classname="tests.backend_test.TestShops" name="test_slots_endpoint" time="0.133" /><testcase classname="tests.backend_test.TestBookings" name="test_create_pay_and_list" time="0.772" /><testcase classname="tests.backend_test.TestBookings" name="test_cancel_too_late" time="0.292" /><testcase classname="tests.backend_test.TestOwner" name="test_owner_dashboard" time="0.360" /><testcase classname="tests.backend_test.TestOwner" name="test_owner_orders_list" time="0.077" /><testcase classname="tests.backend_test.TestOwner" name="test_add_and_delete_service" time="0.155" /><testcase classname="tests.backend_test.TestOwner" name="test_add_barber" time="0.078" /><testcase classname="tests.backend_test.TestOwner" name="test_role_guard_customer_denied" time="0.069" /><testcase classname="tests.backend_test.TestKaryawan" name="test_apply_and_evaluate" time="0.599" /><testcase classname="tests.backend_test.TestAdmin" name="test_dashboard" time="0.370" /><testcase classname="tests.backend_test.TestAdmin" name="test_pending_shops_includes_seed" time="0.073" /><testcase classname="tests.backend_test.TestAdmin" name="test_verify_reject_without_note" time="0.116" /><testcase classname="tests.backend_test.TestAdmin" name="test_users_paginated" time="0.071" /><testcase classname="tests.backend_test.TestHairstyles" name="test_list_hairstyles" time="0.024" /><testcase classname="tests.backend_test.TestHairstyles" name="test_filter_by_shape" time="0.029" /><testcase classname="tests.backend_test.TestAI" name="test_face_scan" time="9.182" /><testcase classname="tests.backend_test.TestNotifications" name="test_list_and_mark_all" time="0.145" /></testsuite></testsuites>